\BOOKMARK [0][-]{chapter.1}{モータの分類と区分}{}% 1
\BOOKMARK [1][-]{section.1.1}{モータの歴史}{chapter.1}% 2
\BOOKMARK [1][-]{section.1.2}{モータの分類}{chapter.1}% 3
\BOOKMARK [1][-]{section.1.3}{誘導電動機}{chapter.1}% 4
\BOOKMARK [1][-]{section.1.4}{同期電動機}{chapter.1}% 5
\BOOKMARK [0][-]{chapter.2}{電力伝送}{}% 6
\BOOKMARK [0][-]{chapter.3}{DCモータ}{}% 7
\BOOKMARK [0][-]{chapter.4}{永久磁石同期モータ}{}% 8
\BOOKMARK [1][-]{section.4.1}{ブラシレスモータの概要}{chapter.4}% 9
\BOOKMARK [2][-]{subsection.4.1.1}{ブラシレスとは}{section.4.1}% 10
\BOOKMARK [2][-]{subsection.4.1.2}{突極型と非突極型}{section.4.1}% 11
\BOOKMARK [2][-]{subsection.4.1.3}{回転子の構造}{section.4.1}% 12
\BOOKMARK [2][-]{subsection.4.1.4}{電機子の構造}{section.4.1}% 13
\BOOKMARK [2][-]{subsection.4.1.5}{固定子巻線}{section.4.1}% 14
\BOOKMARK [1][-]{section.4.2}{PSIMの数学モデル}{chapter.4}% 15
\BOOKMARK [1][-]{section.4.3}{界磁と界磁電流}{chapter.4}% 16
\BOOKMARK [1][-]{section.4.4}{ベクトル制御}{chapter.4}% 17
\BOOKMARK [2][-]{subsection.4.4.1}{dq座標とdq変換}{section.4.4}% 18
\BOOKMARK [2][-]{subsection.4.4.2}{park変換と逆park変換}{section.4.4}% 19
\BOOKMARK [1][-]{section.4.5}{ベクトル制御のアルゴリズム}{chapter.4}% 20
\BOOKMARK [2][-]{subsection.4.5.1}{ブラシレスモータ の解析モデル}{section.4.5}% 21
\BOOKMARK [2][-]{subsection.4.5.2}{ブラシレスモータ のdq変換}{section.4.5}% 22
\BOOKMARK [1][-]{section.4.6}{電動機の損失}{chapter.4}% 23
\BOOKMARK [1][-]{section.4.7}{インバータ}{chapter.4}% 24
\BOOKMARK [0][-]{chapter.5}{復習}{}% 25
\BOOKMARK [1][-]{section.5.1}{行列}{chapter.5}% 26
\BOOKMARK [0][-]{equation.5.1.3}{付録}{}% 27
\BOOKMARK [0][-]{table.5.3}{索引}{}% 28
